<?xml version="1.0" encoding="UTF-8"?>
<!-- Generated by org.testng.reporters.JUnitReportReporter -->
<testsuite hostname="WINPK185206-873" failures="0" tests="1" name="tests.TestsOnLocalAPI" time="1.104" errors="0" timestamp="2021-03-02T20:00:02 IST" skipped="0">
  <testcase classname="tests.TestsOnLocalAPI" name="put" time="1.104"/>
  <system-out/>
</testsuite> <!-- tests.TestsOnLocalAPI -->
