<?xml version="1.0" encoding="UTF-8"?>
<!-- Generated by org.testng.reporters.JUnitReportReporter -->
<testsuite hostname="WINPK185206-873" failures="0" tests="1" name="tests.XMLSchemaValidation" time="2.557" errors="0" timestamp="2021-03-02T11:57:57 IST" skipped="0">
  <testcase classname="tests.XMLSchemaValidation" name="schemaValidation" time="2.557"/>
  <system-out/>
</testsuite> <!-- tests.XMLSchemaValidation -->
