<?xml version="1.0" encoding="UTF-8"?>
<!-- Generated by org.testng.reporters.JUnitReportReporter -->
<testsuite hostname="WINPK185206-873" failures="0" tests="1" name="tests.SOAPXMLRequest" time="1.840" errors="0" timestamp="2021-03-01T21:41:42 IST" skipped="0">
  <testcase classname="tests.SOAPXMLRequest" name="validateSOAPXML" time="1.840"/>
  <system-out/>
</testsuite> <!-- tests.SOAPXMLRequest -->
