<?xml version="1.0" encoding="UTF-8"?>
<!-- Generated by org.testng.reporters.JUnitReportReporter -->
<testsuite hostname="WINPK185206-873" failures="0" tests="2" name="tests.TestExamples" time="4.289" errors="0" timestamp="2021-02-26T16:34:10 IST" skipped="0">
  <testcase classname="tests.TestExamples" name="test_1" time="2.598"/>
  <system-out/>
  <testcase classname="tests.TestExamples" name="test_2" time="1.691"/>
  <system-out/>
</testsuite> <!-- tests.TestExamples -->
