<?xml version="1.0" encoding="UTF-8"?>
<!-- Generated by org.testng.reporters.JUnitReportReporter -->
<testsuite hostname="WINPK185206-873" failures="0" tests="2" name="tests.GetAndPostExamples" time="4.172" errors="0" timestamp="2021-02-26T16:55:04 IST" skipped="0">
  <testcase classname="tests.GetAndPostExamples" name="testPost" time="1.385"/>
  <system-out/>
  <testcase classname="tests.GetAndPostExamples" name="testGet" time="2.787"/>
  <system-out/>
</testsuite> <!-- tests.GetAndPostExamples -->
