<?xml version="1.0" encoding="UTF-8"?>
<!-- Generated by org.testng.reporters.JUnitReportReporter -->
<testsuite hostname="WINPK185206-873" failures="0" tests="1" name="tests.JSONSchemaValidator" time="1.432" errors="0" timestamp="2021-03-01T19:58:03 IST" skipped="0">
  <testcase classname="tests.JSONSchemaValidator" name="get" time="1.432"/>
  <system-out/>
</testsuite> <!-- tests.JSONSchemaValidator -->
