<?xml version="1.0" encoding="UTF-8"?>
<!-- Generated by org.testng.reporters.JUnitReportReporter -->
<testsuite hostname="WINPK185206-873" failures="0" tests="1" name="tests.DataDrivenExamples" time="1.117" errors="0" timestamp="2021-03-03T14:05:21 IST" skipped="0">
  <testcase classname="tests.DataDrivenExamples" name="deleteParametersExample" time="1.117"/>
  <system-out/>
</testsuite> <!-- tests.DataDrivenExamples -->
