<?xml version="1.0" encoding="UTF-8"?>
<!-- Generated by org.testng.reporters.JUnitReportReporter -->
<testsuite hostname="WINPK185206-873" failures="0" tests="1" name="tests.PutPatchDeleteExamples" time="2.460" errors="0" timestamp="2021-02-26T18:49:06 IST" skipped="0">
  <testcase classname="tests.PutPatchDeleteExamples" name="testDelete" time="2.460"/>
  <system-out/>
</testsuite> <!-- tests.PutPatchDeleteExamples -->
